<?xml version="1.0" encoding="UTF-8"?>
<!-- Generated by org.testng.reporters.JUnitReportReporter -->
<testsuite skipped="0" hostname="raggarwal-ltm" name="com.tigerspiketest.ApiDataTest" tests="1" failures="0" timestamp="07 Oct 2017 09:11:58 GMT" time="1.755" errors="0">
  <testcase name="testLogin" time="1.755" classname="com.tigerspiketest.ApiDataTest"/>
</testsuite> <!-- com.tigerspiketest.ApiDataTest -->
